<?xml version="1.0" encoding="UTF-8"?>
<!-- Generated by org.testng.reporters.JUnitReportReporter -->
<testsuite hostname="Sunils-MacBook-Pro.local" failures="0" tests="1" name="com.test.api.TestGetTenant" time="115.380" errors="0" timestamp="2022-01-11T00:24:50 IST" skipped="0">
  <testcase classname="com.test.api.TestGetTenant" name="getSiteList" time="115.380"/>
</testsuite> <!-- com.test.api.TestGetTenant -->
